0 info it worked if it ends with ok
1 verbose cli [ '/usr/bin/node', '/usr/bin/npm', 'install', 'mime' ]
2 info using npm@1.3.14
3 info using node@v0.10.22
4 verbose node symlink /usr/bin/node
5 verbose readDependencies using package.json deps
6 verbose cache add [ 'mime', null ]
7 verbose cache add name=undefined spec="mime" args=["mime",null]
8 verbose parsed url { protocol: null,
8 verbose parsed url   slashes: null,
8 verbose parsed url   auth: null,
8 verbose parsed url   host: null,
8 verbose parsed url   port: null,
8 verbose parsed url   hostname: null,
8 verbose parsed url   hash: null,
8 verbose parsed url   search: null,
8 verbose parsed url   query: null,
8 verbose parsed url   pathname: 'mime',
8 verbose parsed url   path: 'mime',
8 verbose parsed url   href: 'mime' }
9 silly lockFile c6d51ab0-mime mime
10 verbose lock mime /home/manublanco/.npm/c6d51ab0-mime.lock
11 silly lockFile c6d51ab0-mime mime
12 verbose addNamed [ 'mime', '' ]
13 verbose addNamed [ null, '*' ]
14 silly lockFile 997db655-mime mime@
15 verbose lock mime@ /home/manublanco/.npm/997db655-mime.lock
16 silly lockFile 997db655-mime mime@
17 error Error: EACCES, open '/home/manublanco/.npm/997db655-mime.lock'
17 error  { [Error: EACCES, open '/home/manublanco/.npm/997db655-mime.lock']
17 error   errno: 3,
17 error   code: 'EACCES',
17 error   path: '/home/manublanco/.npm/997db655-mime.lock' }
18 error Please try running this command again as root/Administrator.
19 error System Linux 3.8.0-34-generic
20 error command "/usr/bin/node" "/usr/bin/npm" "install" "mime"
21 error cwd /home/manublanco/licode/extras/proyecto
22 error node -v v0.10.22
23 error npm -v 1.3.14
24 error path /home/manublanco/.npm/997db655-mime.lock
25 error code EACCES
26 error errno 3
27 error stack Error: EACCES, open '/home/manublanco/.npm/997db655-mime.lock'
28 verbose exit [ 3, true ]
